<?xml version="1.0" encoding="utf-8" standalone="no"?>
<!--This file represents the results of running a test suite-->
<test-results name="E:\csharp\HRManagement\HRManagement.Test\bin\Debug\HRManagement.Test.dll" total="1" errors="0" failures="0" not-run="0" inconclusive="0" ignored="0" skipped="0" invalid="0" date="2012-01-11" time="08:09:45">
  <environment nunit-version="2.5.10.11092" clr-version="2.0.50727.5444" os-version="Microsoft Windows NT 6.1.7601 Service Pack 1" platform="Win32NT" cwd="E:\csharp\HRManagement\packages\NUnit.2.5.10.11092\tools" machine-name="BB-PC" user="bb" user-domain="bb-PC" />
  <culture-info current-culture="en-US" current-uiculture="en-US" />
  <test-suite type="Assembly" name="E:\csharp\HRManagement\HRManagement.Test\bin\Debug\HRManagement.Test.dll" executed="True" result="Success" success="True" time="0.896" asserts="0">
    <results>
      <test-suite type="Namespace" name="HRManagement" executed="True" result="Success" success="True" time="0.890" asserts="0">
        <results>
          <test-suite type="Namespace" name="Test" executed="True" result="Success" success="True" time="0.890" asserts="0">
            <results>
              <test-suite type="TestFixture" name="LeaveRequestRepositoryTests" executed="True" result="Success" success="True" time="0.888" asserts="0">
                <results>
                  <test-case name="HRManagement.Test.LeaveRequestRepositoryTests.ClassShouldBeSingleton" executed="True" result="Success" success="True" time="0.881" asserts="1" />
                </results>
              </test-suite>
            </results>
          </test-suite>
        </results>
      </test-suite>
    </results>
  </test-suite>
</test-results>