<?xml version="1.0" encoding="utf-8" standalone="no"?>
<!--This file represents the results of running a test suite-->
<test-results name="E:\csharp\HRManagement\HRManagement.Test\bin\Debug\HRManagement.Test.dll" total="1" errors="1" failures="0" not-run="0" inconclusive="0" ignored="0" skipped="0" invalid="0" date="2011-11-20" time="21:20:00">
  <environment nunit-version="2.5.10.11092" clr-version="2.0.50727.5444" os-version="Microsoft Windows NT 6.1.7601 Service Pack 1" platform="Win32NT" cwd="E:\csharp\HRManagement\packages\NUnit.2.5.10.11092\tools" machine-name="BB-PC" user="bb" user-domain="bb-PC" />
  <culture-info current-culture="en-US" current-uiculture="en-US" />
  <test-suite type="Assembly" name="E:\csharp\HRManagement\HRManagement.Test\bin\Debug\HRManagement.Test.dll" executed="True" result="Failure" success="False" time="0.004" asserts="0">
    <results>
      <test-suite type="Namespace" name="HRManagement" executed="True" result="Failure" success="False" time="0.004" asserts="0">
        <results>
          <test-suite type="Namespace" name="Test" executed="True" result="Failure" success="False" time="0.003" asserts="0">
            <results>
              <test-suite type="TestFixture" name="LeaveControllerTests" executed="True" result="Failure" success="False" time="0.002" asserts="0">
                <results>
                  <test-case name="HRManagement.Test.LeaveControllerTests.shouldAddDateToSession" executed="True" result="Error" success="False" time="0.001" asserts="0">
                    <failure>
                      <message><![CDATA[System.NullReferenceException : Object reference not set to an instance of an object.]]></message>
                      <stack-trace><![CDATA[at HRManagement.Controllers.LeaveController.Register(Int32 day, Int32 month, Int32 year) in E:\csharp\HRManagement\HRManagement\Controllers\LeaveController.cs:line 34
at HRManagement.Test.LeaveControllerTests.shouldAddDateToSession() in E:\csharp\HRManagement\HRManagement.Test\LeaveControllerTests.cs:line 32
]]></stack-trace>
                    </failure>
                  </test-case>
                </results>
              </test-suite>
            </results>
          </test-suite>
        </results>
      </test-suite>
    </results>
  </test-suite>
</test-results>